<?xml version="1.0" encoding="UTF-8"?>
<testExecutions version="1">
  <file path="C:\Users\jarim\Documents\Xplore\frontend-web\src\__tests__\LoginContainerTests.tsx">
    <testCase name="renders not logged in correctly" duration="192"/>
    <testCase name="renders logged in correctly" duration="73"/>
    <testCase name="should call api with correct parameters" duration="4"/>
    <testCase name="should call api with wrong parameters" duration="1"/>
  </file>
  <file path="C:\Users\jarim\Documents\Xplore\frontend-web\src\__tests__\SeatListTests.tsx">
    <testCase name="renders learn react link" duration="188"/>
    <testCase name="renders learn react link" duration="39"/>
    <testCase name="button click" duration="161"/>
  </file>
  <file path="C:\Users\jarim\Documents\Xplore\frontend-web\src\__tests__\App.test.tsx">
    <testCase name="renders learn react link" duration="452"/>
  </file>
  <file path="C:\Users\jarim\Documents\Xplore\frontend-web\src\__tests__\DashboardTests.tsx">
    <testCase name="renders dashboard" duration="320"/>
  </file>
  <file path="C:\Users\jarim\Documents\Xplore\frontend-web\src\__tests__\DateFilterTests.tsx">
    <testCase name="filter by date with value not empty" duration="362"/>
    <testCase name="filter by date with value empty" duration="32"/>
  </file>
  <file path="C:\Users\jarim\Documents\Xplore\frontend-web\src\__tests__\SeatDetailsModalTests.tsx">
    <testCase name="getEvents" duration="1399"/>
  </file>
  <file path="C:\Users\jarim\Documents\Xplore\frontend-web\src\__tests__\OpenUrlButtonTests.tsx">
    <testCase name="renders correctly" duration="47"/>
    <testCase name="Test web button press" duration="52"/>
  </file>
  <file path="C:\Users\jarim\Documents\Xplore\frontend-web\src\__tests__\OverallInfoTests.tsx">
    <testCase name="checked in seats useEffect test with seats" duration="66"/>
    <testCase name="checked in seats useEffect test without seats" duration="14"/>
    <testCase name="free seats useEffect test with seats" duration="11"/>
    <testCase name="free seats useEffect test without seats" duration="8"/>
    <testCase name="totalRes useEffect test with seats and reservations" duration="10"/>
    <testCase name="totalRes seats useEffect test without seats" duration="7"/>
  </file>
</testExecutions>